Flutter/vb_v0/build/app/intermediates/manifest_merge_blame_file/debug/manifest-merger-blame-debug-report.txt
1<?xml version="1.0" encoding="utf-8"?>
2<manifest xmlns:android="http://schemas.android.com/apk/res/android"
3    package="com.example.vb_v0"
4    android:versionCode="1"
5    android:versionName="1.0.0" >
6
7    <uses-sdk
8        android:minSdkVersion="18"
9        android:targetSdkVersion="29" />
10    <!--
11         Flutter needs it to communicate with the running application
12         to allow setting breakpoints, to provide hot reload, etc.
13    -->
14    <uses-permission android:name="android.permission.INTERNET" />
14-->src\debug\AndroidManifest.xml:6:5-66
14-->src\debug\AndroidManifest.xml:6:22-64
15    <uses-permission android:name="android.permission.BLUETOOTH" />
15-->src\debug\AndroidManifest.xml:7:5-68
15-->src\debug\AndroidManifest.xml:7:22-65
16    <uses-permission android:name="android.permission.BLUETOOTH_ADMIN" />
16-->src\debug\AndroidManifest.xml:8:5-74
16-->src\debug\AndroidManifest.xml:8:22-71
17    <uses-permission android:name="android.permission.ACCESS_COARSE_LOCATION" />
17-->src\debug\AndroidManifest.xml:9:5-80
17-->src\debug\AndroidManifest.xml:9:22-78
18    <uses-permission android:name="android.permission.RECEIVE_BOOT_COMPLETED" />
18-->src\debug\AndroidManifest.xml:10:5-80
18-->src\debug\AndroidManifest.xml:10:22-78
19    <uses-permission android:name="android.permission.WRITE_EXTERNAL_STORAGE" />
19-->src\debug\AndroidManifest.xml:11:5-81
19-->src\debug\AndroidManifest.xml:11:22-78
20    <uses-permission android:name="android.permission.READ_EXTERNAL_STORAGE" />
20-->src\debug\AndroidManifest.xml:12:5-80
20-->src\debug\AndroidManifest.xml:12:22-77
21    <uses-permission android:name="android.permission.WAKE_LOCK" />
21-->src\debug\AndroidManifest.xml:13:5-67
21-->src\debug\AndroidManifest.xml:13:22-65
22
23    <queries>
23-->[:file_picker] AndroidManifest.xml:9:5-15:15
24        <intent>
24-->[:file_picker] AndroidManifest.xml:10:9-14:18
25            <action android:name="android.intent.action.GET_CONTENT" />
25-->[:file_picker] AndroidManifest.xml:11:13-72
25-->[:file_picker] AndroidManifest.xml:11:21-69
26
27            <data android:mimeType="*/*" />
27-->[:file_picker] AndroidManifest.xml:13:13-44
27-->[:file_picker] AndroidManifest.xml:13:19-41
28        </intent>
29    </queries> <!-- Include required permissions for Google Maps API to run. -->
30    <uses-permission android:name="android.permission.ACCESS_NETWORK_STATE" />
30-->[com.google.android.gms:play-services-maps:17.0.0] AndroidManifest.xml:23:5-79
30-->[com.google.android.gms:play-services-maps:17.0.0] AndroidManifest.xml:23:22-76
31
32    <uses-feature
32-->[com.google.android.gms:play-services-maps:17.0.0] AndroidManifest.xml:26:5-28:35
33        android:glEsVersion="0x00020000"
33-->[com.google.android.gms:play-services-maps:17.0.0] AndroidManifest.xml:27:9-41
34        android:required="true" />
34-->[com.google.android.gms:play-services-maps:17.0.0] AndroidManifest.xml:28:9-32
35    <!--
36 io.flutter.app.FlutterApplication is an android.app.Application that
37         calls FlutterMain.startInitialization(this); in its onCreate method.
38         In most cases you can leave this as-is, but you if you want to provide
39         additional functionality it is fine to subclass or reimplement
40         FlutterApplication and put your custom class here.
41    -->
42    <application
42-->src\main\AndroidManifest.xml:8:5-76:19
43        android:name="io.flutter.app.FlutterApplication"
43-->src\main\AndroidManifest.xml:9:9-57
44        android:appComponentFactory="androidx.core.app.CoreComponentFactory"
44-->[androidx.core:core:1.1.0] AndroidManifest.xml:24:18-86
45        android:debuggable="true"
46        android:icon="@mipmap/ic_launcher"
46-->src\main\AndroidManifest.xml:11:9-43
47        android:label="vb_v0" >
47-->src\main\AndroidManifest.xml:10:9-30
48        <service
48-->src\main\AndroidManifest.xml:12:13-15:51
49            android:name="com.example.vb_v0.alarm.service.RunAfterBootService"
49-->src\main\AndroidManifest.xml:13:17-66
50            android:enabled="true"
50-->src\main\AndroidManifest.xml:14:17-39
51            android:exported="true" />
51-->src\main\AndroidManifest.xml:15:17-40
52        <service
52-->src\main\AndroidManifest.xml:16:13-18:51
53            android:name="com.example.vb_v0.ble.service.BleConnector"
53-->src\main\AndroidManifest.xml:16:22-62
54            android:enabled="true"
54-->src\main\AndroidManifest.xml:17:17-39
55            android:exported="true" />
55-->src\main\AndroidManifest.xml:18:17-40
56
57        <!-- <receiver -->
58        <!-- android:name=".alarm.service.BootDeviceReceiver" -->
59        <!-- android:enabled="true" -->
60        <!-- android:exported="true"> -->
61        <!-- <intent-filter> -->
62        <!-- <action android:name="android.intent.action.BOOT_COMPLETED"/> -->
63        <!-- </intent-filter> -->
64        <!-- </receiver> -->
65        <!-- <service -->
66        <!-- android:name="io.flutter.plugins.androidalarmmanager.AlarmService" -->
67        <!-- android:permission="android.permission.BIND_JOB_SERVICE" -->
68        <!-- android:exported="false"/> -->
69        <!-- <receiver -->
70        <!-- android:name="io.flutter.plugins.androidalarmmanager.AlarmBroadcastReceiver" -->
71        <!-- android:exported="false"/> -->
72        <!-- <receiver -->
73        <!-- android:name="io.flutter.plugins.androidalarmmanager.RebootBroadcastReceiver" -->
74        <!-- android:enabled="false"> -->
75        <!-- <intent-filter> -->
76        <!-- <action android:name="android.intent.action.BOOT_COMPLETED"></action> -->
77        <!-- </intent-filter> -->
78        <!-- </receiver> -->
79        <activity
79-->src\main\AndroidManifest.xml:42:9-70:20
80            android:name="com.example.vb_v0.MainActivity"
80-->src\main\AndroidManifest.xml:43:13-41
81            android:configChanges="orientation|keyboardHidden|keyboard|screenSize|smallestScreenSize|locale|layoutDirection|fontScale|screenLayout|density|uiMode"
81-->src\main\AndroidManifest.xml:46:13-163
82            android:hardwareAccelerated="true"
82-->src\main\AndroidManifest.xml:47:13-47
83            android:launchMode="singleTop"
83-->src\main\AndroidManifest.xml:44:13-43
84            android:theme="@style/LaunchTheme"
84-->src\main\AndroidManifest.xml:45:13-47
85            android:windowSoftInputMode="adjustResize" >
85-->src\main\AndroidManifest.xml:48:13-55
86
87            <!--
88                 Specifies an Android theme to apply to this Activity as soon as
89                 the Android process has started. This theme is visible to the user
90                 while the Flutter UI initializes. After that, this theme continues
91                 to determine the Window background behind the Flutter UI.
92            -->
93            <meta-data
93-->src\main\AndroidManifest.xml:53:13-56:17
94                android:name="io.flutter.embedding.android.NormalTheme"
94-->src\main\AndroidManifest.xml:54:15-70
95                android:resource="@style/NormalTheme" />
95-->src\main\AndroidManifest.xml:55:15-52
96            <!--
97                 Displays an Android View that continues showing the launch screen
98                 Drawable until Flutter paints its first frame, then this splash
99                 screen fades out. A splash screen is useful to avoid any visual
100                 gap between the end of Android's launch screen and the painting of
101                 Flutter's first frame.
102            -->
103            <meta-data
103-->src\main\AndroidManifest.xml:62:13-65:17
104                android:name="io.flutter.embedding.android.SplashScreenDrawable"
104-->src\main\AndroidManifest.xml:63:15-79
105                android:resource="@drawable/launch_background" />
105-->src\main\AndroidManifest.xml:64:15-61
106
107            <intent-filter>
107-->src\main\AndroidManifest.xml:66:13-69:29
108                <action android:name="android.intent.action.MAIN" />
108-->src\main\AndroidManifest.xml:67:17-68
108-->src\main\AndroidManifest.xml:67:25-66
109
110                <category android:name="android.intent.category.LAUNCHER" />
110-->src\main\AndroidManifest.xml:68:17-76
110-->src\main\AndroidManifest.xml:68:27-74
111            </intent-filter>
112        </activity>
113        <!--
114             Don't delete the meta-data below.
115             This is used by the Flutter tool to generate GeneratedPluginRegistrant.java
116        -->
117        <meta-data
117-->src\main\AndroidManifest.xml:73:9-75:33
118            android:name="flutterEmbedding"
118-->src\main\AndroidManifest.xml:74:13-44
119            android:value="2" />
119-->src\main\AndroidManifest.xml:75:13-30
120        <!-- Needs to be explicitly declared on P+ -->
121        <uses-library
121-->[com.google.android.gms:play-services-maps:17.0.0] AndroidManifest.xml:33:9-35:40
122            android:name="org.apache.http.legacy"
122-->[com.google.android.gms:play-services-maps:17.0.0] AndroidManifest.xml:34:13-50
123            android:required="false" />
123-->[com.google.android.gms:play-services-maps:17.0.0] AndroidManifest.xml:35:13-37
124
125        <activity
125-->[com.google.android.gms:play-services-base:17.0.0] AndroidManifest.xml:23:9-26:75
126            android:name="com.google.android.gms.common.api.GoogleApiActivity"
126-->[com.google.android.gms:play-services-base:17.0.0] AndroidManifest.xml:24:13-79
127            android:exported="false"
127-->[com.google.android.gms:play-services-base:17.0.0] AndroidManifest.xml:25:13-37
128            android:theme="@android:style/Theme.Translucent.NoTitleBar" />
128-->[com.google.android.gms:play-services-base:17.0.0] AndroidManifest.xml:26:13-72
129
130        <meta-data
130-->[com.google.android.gms:play-services-basement:17.0.0] AndroidManifest.xml:23:9-25:69
131            android:name="com.google.android.gms.version"
131-->[com.google.android.gms:play-services-basement:17.0.0] AndroidManifest.xml:24:13-58
132            android:value="@integer/google_play_services_version" />
132-->[com.google.android.gms:play-services-basement:17.0.0] AndroidManifest.xml:25:13-66
133    </application>
134
135</manifest>